<?xml version="1.0" encoding="UTF-8"?>
<!-- Generated by org.testng.reporters.JUnitXMLReporter -->
<testsuite ignored="0" hostname="LAPTOP-BCEEOEDD" failures="0" tests="3" name="EdgeTest" time="3.382" errors="0" timestamp="2021-12-18T15:34:20 IST">
  <testcase classname="com.maven.TestNG" name="@BeforeClass openBrowser" time="3.352">
    <failure type="java.lang.NullPointerException" message="Cannot invoke &amp;quot;org.openqa.selenium.WebDriver.get(String)&amp;quot; because &amp;quot;com.maven.TestNG.driver&amp;quot; is null">
      <![CDATA[java.lang.NullPointerException: Cannot invoke "org.openqa.selenium.WebDriver.get(String)" because "com.maven.TestNG.driver" is null
at com.maven.TestNG.openBrowser(TestNG.java:22)
at java.base/java.util.ArrayList.forEach(ArrayList.java:1511)
at java.base/java.util.concurrent.FutureTask.run(FutureTask.java:264)
at java.base/java.util.concurrent.ThreadPoolExecutor.runWorker(ThreadPoolExecutor.java:1136)
at java.base/java.util.concurrent.ThreadPoolExecutor$Worker.run(ThreadPoolExecutor.java:635)
at java.base/java.lang.Thread.run(Thread.java:833)
... Removed 16 stack frames]]>
    </failure>
  </testcase> <!-- @BeforeClass openBrowser -->
  <testcase classname="com.maven.TestNG" name="@AfterClass closeBrowser" time="-1.63982186014E9">
    <skipped/>
  </testcase> <!-- @AfterClass closeBrowser -->
  <testcase classname="com.maven.TestNG" name="verifyFirstBookTitle" time="0.0">
    <skipped/>
  </testcase> <!-- verifyFirstBookTitle -->
  <testcase classname="com.maven.TestNG" name="verifyHomePageTitle" time="0.0">
    <skipped/>
  </testcase> <!-- verifyHomePageTitle -->
  <testcase classname="com.maven.TestNG" name="verifyNewArrivalsDisplayed" time="0.0">
    <skipped/>
  </testcase> <!-- verifyNewArrivalsDisplayed -->
</testsuite> <!-- EdgeTest -->
