<?xml version="1.0" encoding="UTF-8"?>
<!-- Generated by org.testng.reporters.JUnitXMLReporter -->
<testsuite ignored="0" hostname="LAPTOP-BCEEOEDD" failures="0" tests="9" name="Test" time="62.929" errors="0" timestamp="2021-12-18T14:10:23 IST">
  <testcase classname="com.maven2.TestCase" name="test1" time="1.162"/>
  <testcase classname="com.maven2.TestCase" name="test2" time="20.884"/>
  <testcase classname="com.maven2.TestCase" name="test3" time="9.95"/>
  <testcase classname="com.maven2.TestCase" name="test4" time="8.156"/>
  <testcase classname="com.maven2.TestCase" name="test5" time="9.147"/>
  <testcase classname="com.maven2.TestCase" name="test6" time="9.104"/>
  <testcase classname="com.maven.ReportTest" name="verifyLogIn" time="0.021"/>
  <testcase classname="com.maven.ReportTest" name="verifyFacebookImgDisplayed" time="0.038"/>
  <testcase classname="com.maven.ReportTest" name="verifyHomePageTitle" time="0.005"/>
</testsuite> <!-- Test -->
