<?xml version="1.0" encoding="UTF-8"?>
<testsuite xmlns:xsi="http://www.w3.org/2001/XMLSchema-instance" xsi:noNamespaceSchemaLocation="https://maven.apache.org/surefire/maven-surefire-plugin/xsd/surefire-test-report-3.0.xsd" version="3.0" name="TestSuite" time="4.064" tests="17" errors="0" skipped="15" failures="2">
  <properties>
[...]
</properties>
  <testcase name="openBrowser" classname="com.maven.ReportTest" time="1.39">
    <failure message="Cannot invoke &quot;org.openqa.selenium.WebDriver.get(String)&quot; because &quot;com.maven.ReportTest.driver&quot; is null" type="java.lang.NullPointerException"><![CDATA[java.lang.NullPointerException: Cannot invoke "org.openqa.selenium.WebDriver.get(String)" because "com.maven.ReportTest.driver" is null
	at com.maven.ReportTest.openBrowser(ReportTest.java:56)
]]></failure>
    <system-out><![CDATA[[Configuration] [WARN] Detected a static method [com.maven.ReportTest.setupExtentEnv()]. Static configuration methods can cause  unexpected behavior.
]]></system-out>
    <system-err><![CDATA[Starting MSEdgeDriver 95.0.1020.40 (1f61f1c45c1e4229af88888771afd46a90ce2e88) on port 40044
Only local connections are allowed.
Please see https://chromedriver.chromium.org/security-considerations for suggestions on keeping MSEdgeDriver safe.
Starting ChromeDriver 96.0.4664.45 (76e4c1bb2ab4671b8beba3444e61c0f17584b2fc-refs/branch-heads/4664@{#947}) on port 25333
Only local connections are allowed.
Please see https://chromedriver.chromium.org/security-considerations for suggestions on keeping ChromeDriver safe.
ChromeDriver was started successfully.
Dec 18, 2021 3:28:50 PM org.openqa.selenium.remote.ProtocolHandshake createSession
INFO: Detected dialect: W3C
]]></system-err>
  </testcase>
  <testcase name="register" classname="com.maven.ReportTest" time="0">
    <skipped/>
  </testcase>
  <testcase name="register" classname="com.maven.ReportTest" time="0">
    <skipped/>
  </testcase>
  <testcase name="register" classname="com.maven.ReportTest" time="0">
    <skipped/>
  </testcase>
  <testcase name="verifyLogIn" classname="com.maven.ReportTest" time="0">
    <skipped message="Cannot invoke &quot;org.openqa.selenium.WebDriver.get(String)&quot; because &quot;com.maven.ReportTest.driver&quot; is null"/>
  </testcase>
  <testcase name="tearDown" classname="com.maven.ReportTest" time="0">
    <skipped/>
  </testcase>
  <testcase name="tearDown" classname="com.maven.ReportTest" time="0">
    <skipped/>
  </testcase>
  <testcase name="tearDown" classname="com.maven.ReportTest" time="0">
    <skipped/>
  </testcase>
  <testcase name="verifyFacebookImgDisplayed" classname="com.maven.ReportTest" time="0">
    <skipped message="Cannot invoke &quot;org.openqa.selenium.WebDriver.get(String)&quot; because &quot;com.maven.ReportTest.driver&quot; is null"/>
  </testcase>
  <testcase name="verifyHomePageTitle" classname="com.maven.ReportTest" time="0">
    <skipped message="Cannot invoke &quot;org.openqa.selenium.WebDriver.get(String)&quot; because &quot;com.maven.ReportTest.driver&quot; is null"/>
  </testcase>
  <testcase name="browserTeardown" classname="com.maven.ReportTest" time="0">
    <skipped/>
  </testcase>
  <testcase name="cleanup" classname="com.maven.ReportTest" time="0">
    <skipped/>
  </testcase>
  <testcase name="openBrowser" classname="com.maven.TestNG" time="1.748">
    <failure message="Cannot invoke &quot;org.openqa.selenium.WebDriver.get(String)&quot; because &quot;com.maven.TestNG.driver&quot; is null" type="java.lang.NullPointerException"><![CDATA[java.lang.NullPointerException: Cannot invoke "org.openqa.selenium.WebDriver.get(String)" because "com.maven.TestNG.driver" is null
	at com.maven.TestNG.openBrowser(TestNG.java:22)
]]></failure>
    <system-err><![CDATA[MSEdgeDriver was started successfully.
[1639821532.714][WARNING]: This version of MSEdgeDriver has not been tested with MSEdge version 96.
Dec 18, 2021 3:28:52 PM org.openqa.selenium.remote.ProtocolHandshake createSession
INFO: Detected dialect: W3C
]]></system-err>
  </testcase>
  <testcase name="verifyFirstBookTitle" classname="com.maven.TestNG" time="0">
    <skipped message="Cannot invoke &quot;org.openqa.selenium.WebDriver.get(String)&quot; because &quot;com.maven.TestNG.driver&quot; is null"/>
  </testcase>
  <testcase name="verifyHomePageTitle" classname="com.maven.TestNG" time="0">
    <skipped message="Cannot invoke &quot;org.openqa.selenium.WebDriver.get(String)&quot; because &quot;com.maven.TestNG.driver&quot; is null"/>
  </testcase>
  <testcase name="verifyNewArrivalsDisplayed" classname="com.maven.TestNG" time="0">
    <skipped message="Cannot invoke &quot;org.openqa.selenium.WebDriver.get(String)&quot; because &quot;com.maven.TestNG.driver&quot; is null"/>
  </testcase>
  <testcase name="closeBrowser" classname="com.maven.TestNG" time="0">
    <skipped/>
  </testcase>
</testsuite>